[2022-04-26 11:29:02] [ DEBUG] [Consola:10] LOG DEBUG TEST
[2022-04-26 11:29:02] [ INFO ] [Consola:11] LOG INFO JAVA
[2022-04-27 13:50:47] [ DEBUG] [Consola:11] Iniciando Programa
[2022-04-27 13:50:47] [ INFO ] [GestionUsuariosImpl:19] [GestionUsuariosImpl][crearUsuario] Inicio de llamada creación usuario
[2022-04-27 13:51:15] [ INFO ] [RepoUsuariosImpl:19] [RepoUsuariosImpl][grabar] Inicio de llamada grabación usuario
[2022-04-27 13:51:15] [ ERROR] [GestionUsuariosImpl:48] java.lang.ClassCastException: class com.consultoriomedico.domain.Paciente cannot be cast to class com.consultoriomedico.domain.Doctor (com.consultoriomedico.domain.Paciente and com.consultoriomedico.domain.Doctor are in unnamed module of loader 'app')
[2022-04-27 13:51:15] [ DEBUG] [Consola:13] Finalizando Programa
[2022-04-27 13:52:35] [ DEBUG] [Consola:11] Iniciando Programa
[2022-04-27 13:52:35] [ INFO ] [GestionUsuariosImpl:19] [GestionUsuariosImpl][crearUsuario] Inicio de llamada creación usuario
[2022-04-27 13:53:44] [ DEBUG] [Consola:11] Iniciando Programa
[2022-04-27 13:53:44] [ INFO ] [GestionUsuariosImpl:19] [GestionUsuariosImpl][crearUsuario] Inicio de llamada creación usuario
[2022-04-27 13:54:29] [ DEBUG] [Consola:11] Iniciando Programa
[2022-04-27 13:54:29] [ INFO ] [GestionUsuariosImpl:19] [GestionUsuariosImpl][crearUsuario] Inicio de llamada creación usuario
[2022-04-27 13:55:28] [ DEBUG] [Consola:11] Iniciando Programa
[2022-04-27 13:55:28] [ INFO ] [GestionUsuariosImpl:19] [GestionUsuariosImpl][crearUsuario] Inicio de llamada creación usuario
[2022-04-27 13:57:39] [ INFO ] [RepoUsuariosImpl:19] [RepoUsuariosImpl][grabar] Inicio de llamada grabación usuario
[2022-04-27 13:58:13] [ ERROR] [GestionUsuariosImpl:50] java.lang.ClassCastException: class com.consultoriomedico.domain.Paciente cannot be cast to class com.consultoriomedico.domain.Doctor (com.consultoriomedico.domain.Paciente and com.consultoriomedico.domain.Doctor are in unnamed module of loader 'app')
[2022-04-27 13:58:13] [ DEBUG] [Consola:13] Finalizando Programa
[2022-04-27 13:58:52] [ DEBUG] [Consola:11] Iniciando Programa
[2022-04-27 13:58:52] [ INFO ] [GestionUsuariosImpl:19] [GestionUsuariosImpl][crearUsuario] Inicio de llamada creación usuario
[2022-04-27 14:00:49] [ INFO ] [RepoUsuariosImpl:19] [RepoUsuariosImpl][grabar] Inicio de llamada grabación usuario
[2022-04-27 14:01:36] [ ERROR] [RepoUsuariosImpl:67] java.lang.NullPointerException: Cannot invoke "java.util.Date.toString()" because the return value of "com.consultoriomedico.domain.Usuario.getCreadoEn()" is null
[2022-04-27 14:01:36] [ INFO ] [RepoUsuariosImpl:69] [RepoUsuariosImpl][grabar] Fin de llamada grabación usuario
[2022-04-27 14:01:36] [ DEBUG] [Consola:13] Finalizando Programa
[2022-04-27 14:06:23] [ DEBUG] [Consola:11] Iniciando Programa
[2022-04-27 14:06:23] [ INFO ] [GestionUsuariosImpl:19] [GestionUsuariosImpl][crearUsuario] Inicio de llamada creación usuario
[2022-04-27 14:07:21] [ INFO ] [RepoUsuariosImpl:19] [RepoUsuariosImpl][grabar] Inicio de llamada grabación usuario
[2022-04-27 14:07:21] [ ERROR] [GestionUsuariosImpl:50] java.lang.ClassCastException: class com.consultoriomedico.domain.Paciente cannot be cast to class com.consultoriomedico.domain.Doctor (com.consultoriomedico.domain.Paciente and com.consultoriomedico.domain.Doctor are in unnamed module of loader 'app')
[2022-04-27 14:07:21] [ DEBUG] [Consola:13] Finalizando Programa
[2022-04-27 14:07:52] [ DEBUG] [Consola:11] Iniciando Programa
[2022-04-27 14:07:52] [ INFO ] [GestionUsuariosImpl:19] [GestionUsuariosImpl][crearUsuario] Inicio de llamada creación usuario
[2022-04-27 14:08:36] [ INFO ] [RepoUsuariosImpl:19] [RepoUsuariosImpl][grabar] Inicio de llamada grabación usuario
[2022-04-27 14:08:46] [ ERROR] [GestionUsuariosImpl:50] java.lang.ClassCastException: class com.consultoriomedico.domain.Paciente cannot be cast to class com.consultoriomedico.domain.Doctor (com.consultoriomedico.domain.Paciente and com.consultoriomedico.domain.Doctor are in unnamed module of loader 'app')
[2022-04-27 14:08:46] [ DEBUG] [Consola:13] Finalizando Programa
[2022-04-27 14:14:19] [ DEBUG] [Consola:11] Iniciando Programa
[2022-04-27 14:14:19] [ INFO ] [GestionUsuariosImpl:19] [GestionUsuariosImpl][crearUsuario] Inicio de llamada creación usuario
[2022-04-27 14:14:46] [ INFO ] [RepoUsuariosImpl:19] [RepoUsuariosImpl][grabar] Inicio de llamada grabación usuario
[2022-04-27 14:15:37] [ INFO ] [RepoUsuariosImpl:74] [RepoUsuariosImpl][grabar] Fin de llamada grabación usuario
[2022-04-27 14:15:42] [ DEBUG] [Consola:13] Finalizando Programa
[2022-04-27 14:15:43] [ DEBUG] [Consola:11] Iniciando Programa
[2022-04-27 14:15:43] [ INFO ] [GestionUsuariosImpl:19] [GestionUsuariosImpl][crearUsuario] Inicio de llamada creación usuario
[2022-04-27 14:21:37] [ DEBUG] [Consola:11] Iniciando Programa
[2022-04-27 14:21:37] [ INFO ] [GestionUsuariosImpl:19] [GestionUsuariosImpl][crearUsuario] Inicio de llamada creación usuario
[2022-04-27 14:22:01] [ INFO ] [RepoUsuariosImpl:21] [RepoUsuariosImpl][grabar] Inicio de llamada grabación usuario
[2022-04-27 14:22:01] [ INFO ] [RepoUsuariosImpl:76] [RepoUsuariosImpl][grabar] Fin de llamada grabación usuario
[2022-04-27 14:22:01] [ DEBUG] [Consola:13] Finalizando Programa
[2022-04-27 14:22:14] [ DEBUG] [Consola:11] Iniciando Programa
[2022-04-27 14:22:14] [ INFO ] [GestionUsuariosImpl:19] [GestionUsuariosImpl][crearUsuario] Inicio de llamada creación usuario
[2022-04-27 14:23:00] [ INFO ] [RepoUsuariosImpl:21] [RepoUsuariosImpl][grabar] Inicio de llamada grabación usuario
[2022-04-27 14:23:00] [ INFO ] [RepoUsuariosImpl:76] [RepoUsuariosImpl][grabar] Fin de llamada grabación usuario
[2022-04-27 14:23:00] [ DEBUG] [Consola:13] Finalizando Programa
[2022-04-27 14:33:58] [ DEBUG] [Consola:11] Iniciando Programa
[2022-04-27 14:33:58] [ INFO ] [GestionUsuariosImpl:19] [GestionUsuariosImpl][crearUsuario] Inicio de llamada creación usuario
[2022-04-27 14:34:26] [ INFO ] [RepoUsuariosImpl:21] [RepoUsuariosImpl][grabar] Inicio de llamada grabación usuario
[2022-04-27 14:34:26] [ INFO ] [RepoUsuariosImpl:76] [RepoUsuariosImpl][grabar] Fin de llamada grabación usuario
[2022-04-27 14:34:26] [ DEBUG] [Consola:13] Finalizando Programa
[2022-04-27 14:36:03] [ DEBUG] [Consola:11] Iniciando Programa
[2022-04-27 14:36:03] [ INFO ] [GestionUsuariosImpl:19] [GestionUsuariosImpl][crearUsuario] Inicio de llamada creación usuario
[2022-04-27 14:36:27] [ INFO ] [RepoUsuariosImpl:21] [RepoUsuariosImpl][grabar] Inicio de llamada grabación usuario
[2022-04-27 14:36:27] [ INFO ] [RepoUsuariosImpl:73] [RepoUsuariosImpl][grabar] Fin de llamada grabación usuario
[2022-04-27 14:36:27] [ DEBUG] [Consola:13] Finalizando Programa
[2022-04-27 14:40:51] [ DEBUG] [Consola:11] Iniciando Programa
[2022-04-27 14:40:51] [ INFO ] [GestionUsuariosImpl:19] [GestionUsuariosImpl][crearUsuario] Inicio de llamada creación usuario
[2022-04-27 14:41:24] [ INFO ] [RepoUsuariosImpl:21] [RepoUsuariosImpl][grabar] Inicio de llamada grabación usuario
[2022-04-27 14:41:24] [ INFO ] [RepoUsuariosImpl:73] [RepoUsuariosImpl][grabar] Fin de llamada grabación usuario
[2022-04-27 14:41:24] [ DEBUG] [Consola:13] Finalizando Programa
[2022-04-27 14:41:33] [ DEBUG] [Consola:11] Iniciando Programa
[2022-04-27 14:41:33] [ INFO ] [GestionUsuariosImpl:19] [GestionUsuariosImpl][crearUsuario] Inicio de llamada creación usuario
[2022-04-27 14:42:02] [ INFO ] [RepoUsuariosImpl:21] [RepoUsuariosImpl][grabar] Inicio de llamada grabación usuario
[2022-04-27 14:42:02] [ INFO ] [RepoUsuariosImpl:73] [RepoUsuariosImpl][grabar] Fin de llamada grabación usuario
[2022-04-27 14:42:02] [ DEBUG] [Consola:13] Finalizando Programa
[2022-04-28 09:00:17] [ INFO ] [Consola:11] Iniciando Programa
[2022-04-28 09:00:17] [ INFO ] [GestionUsuariosImpl:20] [GestionUsuariosImpl][crearUsuario] Inicio de llamada creación usuario
[2022-04-29 10:14:10] [ INFO ] [Consola:12] Iniciando Programa
[2022-04-29 10:14:10] [ INFO ] [GestionCitasImpl:21] [GestionUsuariosImpl][crearUsuario] Inicio de llamada creación usuario
[2022-04-29 10:14:56] [ INFO ] [Consola:11] Iniciando Programa
[2022-04-29 10:14:56] [ INFO ] [GestionUsuariosImpl:19] [GestionUsuariosImpl][crearUsuario] Inicio de llamada creación usuario
[2022-04-29 10:15:26] [ INFO ] [GestionUsuariosImpl:57] [GestionUsuariosImpl][pedirDatos] -> Doctor(super=Usuario(flagDoctor=true, nombre=Rafael, direccion=Berlin, telefono=503, email=alberto98214@gmail.com), especialidad=Cardiologo)
[2022-04-29 10:15:26] [ INFO ] [RepoUsuariosImpl:25] [RepoUsuariosImpl][grabar] Inicio de llamada grabación usuario
[2022-04-29 10:15:26] [ INFO ] [RepoUsuariosImpl:84] [RepoUsuariosImpl][sendMail] Enviando correo de confirmación
[2022-04-29 10:15:26] [ ERROR] [PropertiesConfig:26] java.io.FileNotFoundException: src\main\resources\config.properties (El sistema no puede encontrar el archivo especificado)
[2022-04-29 10:15:31] [ INFO ] [RepoUsuariosImpl:87] [RepoUsuariosImpl][sendMail] Correo enviado exitosamente de confirmación
[2022-04-29 10:15:31] [ INFO ] [RepoUsuariosImpl:77] [RepoUsuariosImpl][grabar] Fin de llamada grabación usuario
[2022-04-29 10:15:31] [ INFO ] [Consola:13] Finalizando Programa
[2022-04-29 10:16:04] [ INFO ] [Consola:11] Iniciando Programa
[2022-04-29 10:16:04] [ INFO ] [GestionUsuariosImpl:19] [GestionUsuariosImpl][crearUsuario] Inicio de llamada creación usuario
[2022-04-29 10:16:35] [ INFO ] [RepoUsuariosImpl:25] [RepoUsuariosImpl][grabar] Inicio de llamada grabación usuario
[2022-04-29 10:16:35] [ INFO ] [RepoUsuariosImpl:84] [RepoUsuariosImpl][sendMail] Enviando correo de confirmación
[2022-04-29 10:16:35] [ ERROR] [PropertiesConfig:26] java.io.FileNotFoundException: src\main\resources\config.properties (El sistema no puede encontrar el archivo especificado)
[2022-04-29 10:16:40] [ INFO ] [RepoUsuariosImpl:87] [RepoUsuariosImpl][sendMail] Correo enviado exitosamente de confirmación
[2022-04-29 10:16:40] [ INFO ] [RepoUsuariosImpl:77] [RepoUsuariosImpl][grabar] Fin de llamada grabación usuario
[2022-04-29 10:16:40] [ INFO ] [GestionUsuariosImpl:69] [GestionUsuariosImpl][pedirDatos] -> Paciente(super=Usuario(flagDoctor=false, nombre=Ashley, direccion=Mercedes, telefono=503, email=asnofeh@gmail.com))
[2022-04-29 10:16:40] [ INFO ] [Consola:13] Finalizando Programa
[2022-04-29 10:16:54] [ INFO ] [Consola:11] Iniciando Programa
[2022-04-29 10:16:54] [ INFO ] [GestionUsuariosImpl:19] [GestionUsuariosImpl][crearUsuario] Inicio de llamada creación usuario
[2022-04-29 10:17:22] [ INFO ] [GestionUsuariosImpl:57] [GestionUsuariosImpl][pedirDatos] -> Doctor(super=Usuario(flagDoctor=true, nombre=Juarez, direccion=jbgue, telefono=21435, email=jndcie@gmail.com), especialidad=Pediatra)
[2022-04-29 10:17:22] [ INFO ] [RepoUsuariosImpl:25] [RepoUsuariosImpl][grabar] Inicio de llamada grabación usuario
[2022-04-29 10:17:22] [ INFO ] [RepoUsuariosImpl:84] [RepoUsuariosImpl][sendMail] Enviando correo de confirmación
[2022-04-29 10:17:22] [ ERROR] [PropertiesConfig:26] java.io.FileNotFoundException: src\main\resources\config.properties (El sistema no puede encontrar el archivo especificado)
[2022-04-29 10:17:27] [ INFO ] [RepoUsuariosImpl:87] [RepoUsuariosImpl][sendMail] Correo enviado exitosamente de confirmación
[2022-04-29 10:17:27] [ INFO ] [RepoUsuariosImpl:77] [RepoUsuariosImpl][grabar] Fin de llamada grabación usuario
[2022-04-29 10:17:27] [ INFO ] [Consola:13] Finalizando Programa
[2022-04-29 10:17:57] [ INFO ] [Consola:12] Iniciando Programa
[2022-04-29 10:17:57] [ INFO ] [GestionCitasImpl:21] [GestionUsuariosImpl][crearUsuario] Inicio de llamada creación usuario
[2022-04-29 10:18:04] [ INFO ] [Consola:15] Finalizando Programa
[2022-04-29 10:19:45] [ INFO ] [Consola:12] Iniciando Programa
[2022-04-29 10:19:45] [ INFO ] [GestionCitasImpl:21] [GestionUsuariosImpl][crearUsuario] Inicio de llamada creación usuario
[2022-04-29 10:19:51] [ ERROR] [GestionCitasImpl:88] java.util.NoSuchElementException
[2022-04-29 10:19:51] [ INFO ] [Consola:15] Finalizando Programa
[2022-04-29 10:20:04] [ INFO ] [Consola:12] Iniciando Programa
[2022-04-29 10:20:05] [ INFO ] [GestionCitasImpl:21] [GestionUsuariosImpl][crearUsuario] Inicio de llamada creación usuario
[2022-04-29 10:20:11] [ ERROR] [GestionCitasImpl:88] java.util.NoSuchElementException
[2022-04-29 10:20:11] [ INFO ] [Consola:15] Finalizando Programa
[2022-04-29 10:22:25] [ INFO ] [Consola:12] Iniciando Programa
[2022-04-29 10:22:25] [ INFO ] [GestionCitasImpl:21] [GestionUsuariosImpl][crearUsuario] Inicio de llamada creación usuario
[2022-04-29 10:22:32] [ INFO ] [Consola:15] Finalizando Programa
[2022-04-29 14:26:59] [ INFO ] [Consola:12] Iniciando Programa
[2022-04-29 14:26:59] [ INFO ] [GestionCitasImpl:24] [GestionUsuariosImpl][crearUsuario] Inicio de llamada creación usuario
[2022-04-29 14:27:55] [ INFO ] [Consola:15] Finalizando Programa
[2022-04-29 14:30:04] [ INFO ] [Consola:12] Iniciando Programa
[2022-04-29 14:30:04] [ INFO ] [GestionCitasImpl:24] [GestionUsuariosImpl][crearUsuario] Inicio de llamada creación usuario
[2022-04-29 14:30:50] [ INFO ] [Consola:15] Finalizando Programa
[2022-04-29 14:34:32] [ INFO ] [Consola:12] Iniciando Programa
[2022-04-29 14:34:32] [ INFO ] [GestionCitasImpl:25] [GestionUsuariosImpl][crearUsuario] Inicio de llamada creación usuario
[2022-04-29 14:35:04] [ INFO ] [Consola:15] Finalizando Programa
[2022-04-29 14:57:57] [ INFO ] [Consola:12] Iniciando Programa
[2022-04-29 14:57:57] [ INFO ] [GestionCitasImpl:25] [GestionUsuariosImpl][crearUsuario] Inicio de llamada creación usuario
[2022-04-29 14:58:27] [ INFO ] [Consola:15] Finalizando Programa
[2022-04-29 15:40:29] [ INFO ] [Consola:12] Iniciando Programa
[2022-04-29 15:40:29] [ INFO ] [GestionCitasImpl:25] [GestionUsuariosImpl][crearUsuario] Inicio de llamada creación usuario
[2022-04-29 15:42:05] [ INFO ] [Consola:15] Finalizando Programa
[2022-04-29 15:45:01] [ INFO ] [Consola:12] Iniciando Programa
[2022-04-29 15:45:01] [ INFO ] [GestionCitasImpl:25] [GestionUsuariosImpl][crearUsuario] Inicio de llamada creación usuario
[2022-04-29 15:46:03] [ INFO ] [Consola:12] Iniciando Programa
[2022-04-29 15:46:03] [ INFO ] [GestionCitasImpl:25] [GestionUsuariosImpl][crearUsuario] Inicio de llamada creación usuario
[2022-04-29 15:46:27] [ INFO ] [Consola:12] Iniciando Programa
[2022-04-29 15:46:27] [ INFO ] [GestionCitasImpl:25] [GestionUsuariosImpl][crearUsuario] Inicio de llamada creación usuario
[2022-04-29 15:47:40] [ INFO ] [Consola:15] Finalizando Programa
[2022-04-29 15:47:42] [ INFO ] [Consola:12] Iniciando Programa
[2022-04-29 15:47:42] [ INFO ] [GestionCitasImpl:25] [GestionUsuariosImpl][crearUsuario] Inicio de llamada creación usuario
[2022-04-29 15:48:13] [ INFO ] [Consola:15] Finalizando Programa
[2022-04-29 15:48:38] [ INFO ] [Consola:12] Iniciando Programa
[2022-04-29 15:48:38] [ INFO ] [GestionCitasImpl:25] [GestionUsuariosImpl][crearUsuario] Inicio de llamada creación usuario
[2022-04-29 16:00:19] [ INFO ] [Consola:12] Iniciando Programa
[2022-04-29 16:00:19] [ INFO ] [GestionCitasImpl:25] [GestionUsuariosImpl][crearUsuario] Inicio de llamada creación usuario
[2022-04-29 16:00:56] [ INFO ] [Consola:15] Finalizando Programa
[2022-05-02 15:08:10] [ INFO ] [Consola:62] Iniciando Programa
[2022-05-02 15:08:17] [ INFO ] [GestionCitasImpl:23] [GestionUsuariosImpl][crearUsuario] Inicio de llamada creación usuario
